
ROM used:   122/8192 (1%)
            122/8192 (1%) including unused fragments

            0.2 Average locations per line
            5.1 Average locations per statement

RAM used:   5/368 (1%) at main() level
            6/368 (2%) worst case

Stack used: 1 worst case (1 in main + 0 for interrupts)
Stack size: 8

Lines Stmts  %   Files
----- ----- ---  -----
   44    24 100  Demo 7seg led.c
  672     0   0  D:\Program Files (x86)\PICC\Devices\16f877a.h
----- -----
  716    24 Total

Page ROM  %  RAM    Vol Diff  Functions:
---- --- --- ---    --- ----  ----------
0     20  16    1             @delay_ms1
0     98  80    0    533  1.9  main
 Inline         0             @cinit1

Program metrics:
    Functions               1
    Statements              24
    Comments                131
    Volume (V)              538
    Difficulty (D)          1.8
    Effort to implement (E) 989
    Time to implement (T)   1 minutes
    Est Delivered Bugs (B)  0
    Cyclomatic Complexity   1
    Maintainability (MI)    42

 Segment     Used  Free
-----------  ----  ----
00000-00003     4  0  
00004-007FF   118  1926  
00800-00FFF     0  2048  
01000-017FF     0  2048  
01800-01FFF     0  2048  



